<?xml version="1.0" encoding="utf-8" standalone="no"?>
<!--This file represents the results of running a test suite-->
<test-results name="D:\Projects\C#\PseudoBF\PseudoBF\PseudoBF.sln" total="48" errors="37" failures="0" not-run="0" inconclusive="0" ignored="0" skipped="0" invalid="0" date="2011-08-12" time="15:56:29">
  <environment nunit-version="2.5.8.10295" clr-version="2.0.50727.4961" os-version="Microsoft Windows NT 6.1.7600.0" platform="Win32NT" cwd="D:\Projects\C#\PseudoBF\PseudoBF" machine-name="JAREKPC" user="Jarek" user-domain="JAREKPC" />
  <culture-info current-culture="pl-PL" current-uiculture="pl-PL" />
  <test-suite type="Project" name="D:\Projects\C#\PseudoBF\PseudoBF\PseudoBF.sln" executed="True" result="Failure" success="False" time="0.414" asserts="0">
    <results>
      <test-suite type="Assembly" name="D:\Projects\C#\PseudoBF\PseudoBF\PseudoBF.Tests\PseudoBF.Tests\bin\Debug\PseudoBF.Tests.dll" executed="True" result="Failure" success="False" time="0.406" asserts="0">
        <results>
          <test-suite type="Namespace" name="PseudoBF" executed="True" result="Failure" success="False" time="0.406" asserts="0">
            <results>
              <test-suite type="Namespace" name="Tests" executed="True" result="Failure" success="False" time="0.406" asserts="0">
                <results>
                  <test-suite type="Namespace" name="BrainfuckInterpreter" executed="True" result="Success" success="True" time="0.001" asserts="0">
                    <results>
                      <test-suite type="TestFixture" name="InterpreterTests" executed="True" result="Success" success="True" time="0.001" asserts="0">
                        <results>
                          <test-case name="PseudoBF.Tests.BrainfuckInterpreter.InterpreterTests.TestConditional" executed="True" result="Success" success="True" time="0.000" asserts="4" />
                          <test-case name="PseudoBF.Tests.BrainfuckInterpreter.InterpreterTests.TestInit" executed="True" result="Success" success="True" time="0.001" asserts="30" />
                          <test-case name="PseudoBF.Tests.BrainfuckInterpreter.InterpreterTests.TestSimple" executed="True" result="Success" success="True" time="0.000" asserts="6" />
                        </results>
                      </test-suite>
                    </results>
                  </test-suite>
                  <test-suite type="Namespace" name="BuiltinFunctions" executed="True" result="Failure" success="False" time="0.286" asserts="0">
                    <results>
                      <test-suite type="TestFixture" name="AddTests" executed="True" result="Failure" success="False" time="0.007" asserts="0">
                        <results>
                          <test-suite type="ParameterizedTest" name="AddNumberToNumberTests" executed="True" result="Failure" success="False" time="0.002" asserts="0">
                            <results>
                              <test-case name="PseudoBF.Tests.BuiltinFunctions.AddTests.AddNumberToNumberTests(2,3,5)" executed="True" result="Error" success="False" time="0.001" asserts="0">
                                <failure>
                                  <message><![CDATA[SetUp : System.NotImplementedException : Metoda lub operacja nie jest zaimplementowana.]]></message>
                                  <stack-trace><![CDATA[w PseudoBF.CodeInfrastructure.StackFrame..ctor(StackContext stack, Subroutine subroutine) w D:\Projects\C#\PseudoBF\PseudoBF\PseudoBF.CodeInfrastructure\StackFrame.cs:wiersz 21
w PseudoBF.Tests.BuiltinFunctions.AddTests.Setup() w D:\Projects\C#\PseudoBF\PseudoBF\PseudoBF.Tests\PseudoBF.Tests\BuiltinFunctions\AddTests.cs:wiersz 23
]]></stack-trace>
                                </failure>
                              </test-case>
                              <test-case name="PseudoBF.Tests.BuiltinFunctions.AddTests.AddNumberToNumberTests(5,0,5)" executed="True" result="Error" success="False" time="0.000" asserts="0">
                                <failure>
                                  <message><![CDATA[SetUp : System.NotImplementedException : Metoda lub operacja nie jest zaimplementowana.]]></message>
                                  <stack-trace><![CDATA[w PseudoBF.CodeInfrastructure.StackFrame..ctor(StackContext stack, Subroutine subroutine) w D:\Projects\C#\PseudoBF\PseudoBF\PseudoBF.CodeInfrastructure\StackFrame.cs:wiersz 21
w PseudoBF.Tests.BuiltinFunctions.AddTests.Setup() w D:\Projects\C#\PseudoBF\PseudoBF\PseudoBF.Tests\PseudoBF.Tests\BuiltinFunctions\AddTests.cs:wiersz 23
]]></stack-trace>
                                </failure>
                              </test-case>
                              <test-case name="PseudoBF.Tests.BuiltinFunctions.AddTests.AddNumberToNumberTests(0,6,6)" executed="True" result="Error" success="False" time="0.001" asserts="0">
                                <failure>
                                  <message><![CDATA[SetUp : System.NotImplementedException : Metoda lub operacja nie jest zaimplementowana.]]></message>
                                  <stack-trace><![CDATA[w PseudoBF.CodeInfrastructure.StackFrame..ctor(StackContext stack, Subroutine subroutine) w D:\Projects\C#\PseudoBF\PseudoBF\PseudoBF.CodeInfrastructure\StackFrame.cs:wiersz 21
w PseudoBF.Tests.BuiltinFunctions.AddTests.Setup() w D:\Projects\C#\PseudoBF\PseudoBF\PseudoBF.Tests\PseudoBF.Tests\BuiltinFunctions\AddTests.cs:wiersz 23
]]></stack-trace>
                                </failure>
                              </test-case>
                              <test-case name="PseudoBF.Tests.BuiltinFunctions.AddTests.AddNumberToNumberTests(0,0,0)" executed="True" result="Error" success="False" time="0.000" asserts="0">
                                <failure>
                                  <message><![CDATA[SetUp : System.NotImplementedException : Metoda lub operacja nie jest zaimplementowana.]]></message>
                                  <stack-trace><![CDATA[w PseudoBF.CodeInfrastructure.StackFrame..ctor(StackContext stack, Subroutine subroutine) w D:\Projects\C#\PseudoBF\PseudoBF\PseudoBF.CodeInfrastructure\StackFrame.cs:wiersz 21
w PseudoBF.Tests.BuiltinFunctions.AddTests.Setup() w D:\Projects\C#\PseudoBF\PseudoBF\PseudoBF.Tests\PseudoBF.Tests\BuiltinFunctions\AddTests.cs:wiersz 23
]]></stack-trace>
                                </failure>
                              </test-case>
                            </results>
                          </test-suite>
                          <test-suite type="ParameterizedTest" name="AddNumberToVariableTests" executed="True" result="Failure" success="False" time="0.003" asserts="0">
                            <results>
                              <test-case name="PseudoBF.Tests.BuiltinFunctions.AddTests.AddNumberToVariableTests(2,3,5)" executed="True" result="Error" success="False" time="0.001" asserts="0">
                                <failure>
                                  <message><![CDATA[SetUp : System.NotImplementedException : Metoda lub operacja nie jest zaimplementowana.]]></message>
                                  <stack-trace><![CDATA[w PseudoBF.CodeInfrastructure.StackFrame..ctor(StackContext stack, Subroutine subroutine) w D:\Projects\C#\PseudoBF\PseudoBF\PseudoBF.CodeInfrastructure\StackFrame.cs:wiersz 21
w PseudoBF.Tests.BuiltinFunctions.AddTests.Setup() w D:\Projects\C#\PseudoBF\PseudoBF\PseudoBF.Tests\PseudoBF.Tests\BuiltinFunctions\AddTests.cs:wiersz 23
]]></stack-trace>
                                </failure>
                              </test-case>
                              <test-case name="PseudoBF.Tests.BuiltinFunctions.AddTests.AddNumberToVariableTests(5,0,5)" executed="True" result="Error" success="False" time="0.001" asserts="0">
                                <failure>
                                  <message><![CDATA[SetUp : System.NotImplementedException : Metoda lub operacja nie jest zaimplementowana.]]></message>
                                  <stack-trace><![CDATA[w PseudoBF.CodeInfrastructure.StackFrame..ctor(StackContext stack, Subroutine subroutine) w D:\Projects\C#\PseudoBF\PseudoBF\PseudoBF.CodeInfrastructure\StackFrame.cs:wiersz 21
w PseudoBF.Tests.BuiltinFunctions.AddTests.Setup() w D:\Projects\C#\PseudoBF\PseudoBF\PseudoBF.Tests\PseudoBF.Tests\BuiltinFunctions\AddTests.cs:wiersz 23
]]></stack-trace>
                                </failure>
                              </test-case>
                              <test-case name="PseudoBF.Tests.BuiltinFunctions.AddTests.AddNumberToVariableTests(0,6,6)" executed="True" result="Error" success="False" time="0.000" asserts="0">
                                <failure>
                                  <message><![CDATA[SetUp : System.NotImplementedException : Metoda lub operacja nie jest zaimplementowana.]]></message>
                                  <stack-trace><![CDATA[w PseudoBF.CodeInfrastructure.StackFrame..ctor(StackContext stack, Subroutine subroutine) w D:\Projects\C#\PseudoBF\PseudoBF\PseudoBF.CodeInfrastructure\StackFrame.cs:wiersz 21
w PseudoBF.Tests.BuiltinFunctions.AddTests.Setup() w D:\Projects\C#\PseudoBF\PseudoBF\PseudoBF.Tests\PseudoBF.Tests\BuiltinFunctions\AddTests.cs:wiersz 23
]]></stack-trace>
                                </failure>
                              </test-case>
                              <test-case name="PseudoBF.Tests.BuiltinFunctions.AddTests.AddNumberToVariableTests(0,0,0)" executed="True" result="Error" success="False" time="0.001" asserts="0">
                                <failure>
                                  <message><![CDATA[SetUp : System.NotImplementedException : Metoda lub operacja nie jest zaimplementowana.]]></message>
                                  <stack-trace><![CDATA[w PseudoBF.CodeInfrastructure.StackFrame..ctor(StackContext stack, Subroutine subroutine) w D:\Projects\C#\PseudoBF\PseudoBF\PseudoBF.CodeInfrastructure\StackFrame.cs:wiersz 21
w PseudoBF.Tests.BuiltinFunctions.AddTests.Setup() w D:\Projects\C#\PseudoBF\PseudoBF\PseudoBF.Tests\PseudoBF.Tests\BuiltinFunctions\AddTests.cs:wiersz 23
]]></stack-trace>
                                </failure>
                              </test-case>
                            </results>
                          </test-suite>
                          <test-suite type="ParameterizedTest" name="AddVariableToVariableTests" executed="True" result="Failure" success="False" time="0.002" asserts="0">
                            <results>
                              <test-case name="PseudoBF.Tests.BuiltinFunctions.AddTests.AddVariableToVariableTests(2,3,5)" executed="True" result="Error" success="False" time="0.000" asserts="0">
                                <failure>
                                  <message><![CDATA[SetUp : System.NotImplementedException : Metoda lub operacja nie jest zaimplementowana.]]></message>
                                  <stack-trace><![CDATA[w PseudoBF.CodeInfrastructure.StackFrame..ctor(StackContext stack, Subroutine subroutine) w D:\Projects\C#\PseudoBF\PseudoBF\PseudoBF.CodeInfrastructure\StackFrame.cs:wiersz 21
w PseudoBF.Tests.BuiltinFunctions.AddTests.Setup() w D:\Projects\C#\PseudoBF\PseudoBF\PseudoBF.Tests\PseudoBF.Tests\BuiltinFunctions\AddTests.cs:wiersz 23
]]></stack-trace>
                                </failure>
                              </test-case>
                              <test-case name="PseudoBF.Tests.BuiltinFunctions.AddTests.AddVariableToVariableTests(5,0,5)" executed="True" result="Error" success="False" time="0.001" asserts="0">
                                <failure>
                                  <message><![CDATA[SetUp : System.NotImplementedException : Metoda lub operacja nie jest zaimplementowana.]]></message>
                                  <stack-trace><![CDATA[w PseudoBF.CodeInfrastructure.StackFrame..ctor(StackContext stack, Subroutine subroutine) w D:\Projects\C#\PseudoBF\PseudoBF\PseudoBF.CodeInfrastructure\StackFrame.cs:wiersz 21
w PseudoBF.Tests.BuiltinFunctions.AddTests.Setup() w D:\Projects\C#\PseudoBF\PseudoBF\PseudoBF.Tests\PseudoBF.Tests\BuiltinFunctions\AddTests.cs:wiersz 23
]]></stack-trace>
                                </failure>
                              </test-case>
                              <test-case name="PseudoBF.Tests.BuiltinFunctions.AddTests.AddVariableToVariableTests(0,6,6)" executed="True" result="Error" success="False" time="0.000" asserts="0">
                                <failure>
                                  <message><![CDATA[SetUp : System.NotImplementedException : Metoda lub operacja nie jest zaimplementowana.]]></message>
                                  <stack-trace><![CDATA[w PseudoBF.CodeInfrastructure.StackFrame..ctor(StackContext stack, Subroutine subroutine) w D:\Projects\C#\PseudoBF\PseudoBF\PseudoBF.CodeInfrastructure\StackFrame.cs:wiersz 21
w PseudoBF.Tests.BuiltinFunctions.AddTests.Setup() w D:\Projects\C#\PseudoBF\PseudoBF\PseudoBF.Tests\PseudoBF.Tests\BuiltinFunctions\AddTests.cs:wiersz 23
]]></stack-trace>
                                </failure>
                              </test-case>
                              <test-case name="PseudoBF.Tests.BuiltinFunctions.AddTests.AddVariableToVariableTests(0,0,0)" executed="True" result="Error" success="False" time="0.001" asserts="0">
                                <failure>
                                  <message><![CDATA[SetUp : System.NotImplementedException : Metoda lub operacja nie jest zaimplementowana.]]></message>
                                  <stack-trace><![CDATA[w PseudoBF.CodeInfrastructure.StackFrame..ctor(StackContext stack, Subroutine subroutine) w D:\Projects\C#\PseudoBF\PseudoBF\PseudoBF.CodeInfrastructure\StackFrame.cs:wiersz 21
w PseudoBF.Tests.BuiltinFunctions.AddTests.Setup() w D:\Projects\C#\PseudoBF\PseudoBF\PseudoBF.Tests\PseudoBF.Tests\BuiltinFunctions\AddTests.cs:wiersz 23
]]></stack-trace>
                                </failure>
                              </test-case>
                            </results>
                          </test-suite>
                        </results>
                      </test-suite>
                      <test-suite type="TestFixture" name="EqualsTests" executed="True" result="Failure" success="False" time="0.278" asserts="0">
                        <results>
                          <test-suite type="ParameterizedTest" name="NumberEqualsNumber" executed="True" result="Failure" success="False" time="0.003" asserts="0">
                            <results>
                              <test-case name="PseudoBF.Tests.BuiltinFunctions.EqualsTests.NumberEqualsNumber(5,5,1)" executed="True" result="Error" success="False" time="0.001" asserts="0">
                                <failure>
                                  <message><![CDATA[SetUp : System.NotImplementedException : Metoda lub operacja nie jest zaimplementowana.]]></message>
                                  <stack-trace><![CDATA[w PseudoBF.CodeInfrastructure.StackFrame..ctor(StackContext stack, Subroutine subroutine) w D:\Projects\C#\PseudoBF\PseudoBF\PseudoBF.CodeInfrastructure\StackFrame.cs:wiersz 21
w PseudoBF.Tests.BuiltinFunctions.EqualsTests.Setup() w D:\Projects\C#\PseudoBF\PseudoBF\PseudoBF.Tests\PseudoBF.Tests\BuiltinFunctions\EqualsTests.cs:wiersz 19
]]></stack-trace>
                                </failure>
                              </test-case>
                              <test-case name="PseudoBF.Tests.BuiltinFunctions.EqualsTests.NumberEqualsNumber(0,0,1)" executed="True" result="Error" success="False" time="0.000" asserts="0">
                                <failure>
                                  <message><![CDATA[SetUp : System.NotImplementedException : Metoda lub operacja nie jest zaimplementowana.]]></message>
                                  <stack-trace><![CDATA[w PseudoBF.CodeInfrastructure.StackFrame..ctor(StackContext stack, Subroutine subroutine) w D:\Projects\C#\PseudoBF\PseudoBF\PseudoBF.CodeInfrastructure\StackFrame.cs:wiersz 21
w PseudoBF.Tests.BuiltinFunctions.EqualsTests.Setup() w D:\Projects\C#\PseudoBF\PseudoBF\PseudoBF.Tests\PseudoBF.Tests\BuiltinFunctions\EqualsTests.cs:wiersz 19
]]></stack-trace>
                                </failure>
                              </test-case>
                              <test-case name="PseudoBF.Tests.BuiltinFunctions.EqualsTests.NumberEqualsNumber(2,3,0)" executed="True" result="Error" success="False" time="0.001" asserts="0">
                                <failure>
                                  <message><![CDATA[SetUp : System.NotImplementedException : Metoda lub operacja nie jest zaimplementowana.]]></message>
                                  <stack-trace><![CDATA[w PseudoBF.CodeInfrastructure.StackFrame..ctor(StackContext stack, Subroutine subroutine) w D:\Projects\C#\PseudoBF\PseudoBF\PseudoBF.CodeInfrastructure\StackFrame.cs:wiersz 21
w PseudoBF.Tests.BuiltinFunctions.EqualsTests.Setup() w D:\Projects\C#\PseudoBF\PseudoBF\PseudoBF.Tests\PseudoBF.Tests\BuiltinFunctions\EqualsTests.cs:wiersz 19
]]></stack-trace>
                                </failure>
                              </test-case>
                              <test-case name="PseudoBF.Tests.BuiltinFunctions.EqualsTests.NumberEqualsNumber(4,0,0)" executed="True" result="Error" success="False" time="0.001" asserts="0">
                                <failure>
                                  <message><![CDATA[SetUp : System.NotImplementedException : Metoda lub operacja nie jest zaimplementowana.]]></message>
                                  <stack-trace><![CDATA[w PseudoBF.CodeInfrastructure.StackFrame..ctor(StackContext stack, Subroutine subroutine) w D:\Projects\C#\PseudoBF\PseudoBF\PseudoBF.CodeInfrastructure\StackFrame.cs:wiersz 21
w PseudoBF.Tests.BuiltinFunctions.EqualsTests.Setup() w D:\Projects\C#\PseudoBF\PseudoBF\PseudoBF.Tests\PseudoBF.Tests\BuiltinFunctions\EqualsTests.cs:wiersz 19
]]></stack-trace>
                                </failure>
                              </test-case>
                              <test-case name="PseudoBF.Tests.BuiltinFunctions.EqualsTests.NumberEqualsNumber(0,2,0)" executed="True" result="Error" success="False" time="0.000" asserts="0">
                                <failure>
                                  <message><![CDATA[SetUp : System.NotImplementedException : Metoda lub operacja nie jest zaimplementowana.]]></message>
                                  <stack-trace><![CDATA[w PseudoBF.CodeInfrastructure.StackFrame..ctor(StackContext stack, Subroutine subroutine) w D:\Projects\C#\PseudoBF\PseudoBF\PseudoBF.CodeInfrastructure\StackFrame.cs:wiersz 21
w PseudoBF.Tests.BuiltinFunctions.EqualsTests.Setup() w D:\Projects\C#\PseudoBF\PseudoBF\PseudoBF.Tests\PseudoBF.Tests\BuiltinFunctions\EqualsTests.cs:wiersz 19
]]></stack-trace>
                                </failure>
                              </test-case>
                            </results>
                          </test-suite>
                          <test-suite type="ParameterizedTest" name="NumberEqualsVariable" executed="True" result="Failure" success="False" time="0.225" asserts="0">
                            <results>
                              <test-case name="PseudoBF.Tests.BuiltinFunctions.EqualsTests.NumberEqualsVariable(5,5,1)" executed="True" result="Error" success="False" time="0.001" asserts="0">
                                <failure>
                                  <message><![CDATA[SetUp : System.NotImplementedException : Metoda lub operacja nie jest zaimplementowana.]]></message>
                                  <stack-trace><![CDATA[w PseudoBF.CodeInfrastructure.StackFrame..ctor(StackContext stack, Subroutine subroutine) w D:\Projects\C#\PseudoBF\PseudoBF\PseudoBF.CodeInfrastructure\StackFrame.cs:wiersz 21
w PseudoBF.Tests.BuiltinFunctions.EqualsTests.Setup() w D:\Projects\C#\PseudoBF\PseudoBF\PseudoBF.Tests\PseudoBF.Tests\BuiltinFunctions\EqualsTests.cs:wiersz 19
]]></stack-trace>
                                </failure>
                              </test-case>
                              <test-case name="PseudoBF.Tests.BuiltinFunctions.EqualsTests.NumberEqualsVariable(0,0,1)" executed="True" result="Error" success="False" time="0.001" asserts="0">
                                <failure>
                                  <message><![CDATA[SetUp : System.NotImplementedException : Metoda lub operacja nie jest zaimplementowana.]]></message>
                                  <stack-trace><![CDATA[w PseudoBF.CodeInfrastructure.StackFrame..ctor(StackContext stack, Subroutine subroutine) w D:\Projects\C#\PseudoBF\PseudoBF\PseudoBF.CodeInfrastructure\StackFrame.cs:wiersz 21
w PseudoBF.Tests.BuiltinFunctions.EqualsTests.Setup() w D:\Projects\C#\PseudoBF\PseudoBF\PseudoBF.Tests\PseudoBF.Tests\BuiltinFunctions\EqualsTests.cs:wiersz 19
]]></stack-trace>
                                </failure>
                              </test-case>
                              <test-case name="PseudoBF.Tests.BuiltinFunctions.EqualsTests.NumberEqualsVariable(2,3,0)" executed="True" result="Error" success="False" time="0.004" asserts="0">
                                <failure>
                                  <message><![CDATA[SetUp : System.NotImplementedException : Metoda lub operacja nie jest zaimplementowana.]]></message>
                                  <stack-trace><![CDATA[w PseudoBF.CodeInfrastructure.StackFrame..ctor(StackContext stack, Subroutine subroutine) w D:\Projects\C#\PseudoBF\PseudoBF\PseudoBF.CodeInfrastructure\StackFrame.cs:wiersz 21
w PseudoBF.Tests.BuiltinFunctions.EqualsTests.Setup() w D:\Projects\C#\PseudoBF\PseudoBF\PseudoBF.Tests\PseudoBF.Tests\BuiltinFunctions\EqualsTests.cs:wiersz 19
]]></stack-trace>
                                </failure>
                              </test-case>
                              <test-case name="PseudoBF.Tests.BuiltinFunctions.EqualsTests.NumberEqualsVariable(4,0,0)" executed="True" result="Error" success="False" time="0.001" asserts="0">
                                <failure>
                                  <message><![CDATA[SetUp : System.NotImplementedException : Metoda lub operacja nie jest zaimplementowana.]]></message>
                                  <stack-trace><![CDATA[w PseudoBF.CodeInfrastructure.StackFrame..ctor(StackContext stack, Subroutine subroutine) w D:\Projects\C#\PseudoBF\PseudoBF\PseudoBF.CodeInfrastructure\StackFrame.cs:wiersz 21
w PseudoBF.Tests.BuiltinFunctions.EqualsTests.Setup() w D:\Projects\C#\PseudoBF\PseudoBF\PseudoBF.Tests\PseudoBF.Tests\BuiltinFunctions\EqualsTests.cs:wiersz 19
]]></stack-trace>
                                </failure>
                              </test-case>
                              <test-case name="PseudoBF.Tests.BuiltinFunctions.EqualsTests.NumberEqualsVariable(0,2,0)" executed="True" result="Error" success="False" time="0.000" asserts="0">
                                <failure>
                                  <message><![CDATA[SetUp : System.NotImplementedException : Metoda lub operacja nie jest zaimplementowana.]]></message>
                                  <stack-trace><![CDATA[w PseudoBF.CodeInfrastructure.StackFrame..ctor(StackContext stack, Subroutine subroutine) w D:\Projects\C#\PseudoBF\PseudoBF\PseudoBF.CodeInfrastructure\StackFrame.cs:wiersz 21
w PseudoBF.Tests.BuiltinFunctions.EqualsTests.Setup() w D:\Projects\C#\PseudoBF\PseudoBF\PseudoBF.Tests\PseudoBF.Tests\BuiltinFunctions\EqualsTests.cs:wiersz 19
]]></stack-trace>
                                </failure>
                              </test-case>
                            </results>
                          </test-suite>
                          <test-suite type="ParameterizedTest" name="VariableEqualsVariable" executed="True" result="Failure" success="False" time="0.033" asserts="0">
                            <results>
                              <test-case name="PseudoBF.Tests.BuiltinFunctions.EqualsTests.VariableEqualsVariable(5,5,1)" executed="True" result="Error" success="False" time="0.001" asserts="0">
                                <failure>
                                  <message><![CDATA[SetUp : System.NotImplementedException : Metoda lub operacja nie jest zaimplementowana.]]></message>
                                  <stack-trace><![CDATA[w PseudoBF.CodeInfrastructure.StackFrame..ctor(StackContext stack, Subroutine subroutine) w D:\Projects\C#\PseudoBF\PseudoBF\PseudoBF.CodeInfrastructure\StackFrame.cs:wiersz 21
w PseudoBF.Tests.BuiltinFunctions.EqualsTests.Setup() w D:\Projects\C#\PseudoBF\PseudoBF\PseudoBF.Tests\PseudoBF.Tests\BuiltinFunctions\EqualsTests.cs:wiersz 19
]]></stack-trace>
                                </failure>
                              </test-case>
                              <test-case name="PseudoBF.Tests.BuiltinFunctions.EqualsTests.VariableEqualsVariable(0,0,1)" executed="True" result="Error" success="False" time="0.001" asserts="0">
                                <failure>
                                  <message><![CDATA[SetUp : System.NotImplementedException : Metoda lub operacja nie jest zaimplementowana.]]></message>
                                  <stack-trace><![CDATA[w PseudoBF.CodeInfrastructure.StackFrame..ctor(StackContext stack, Subroutine subroutine) w D:\Projects\C#\PseudoBF\PseudoBF\PseudoBF.CodeInfrastructure\StackFrame.cs:wiersz 21
w PseudoBF.Tests.BuiltinFunctions.EqualsTests.Setup() w D:\Projects\C#\PseudoBF\PseudoBF\PseudoBF.Tests\PseudoBF.Tests\BuiltinFunctions\EqualsTests.cs:wiersz 19
]]></stack-trace>
                                </failure>
                              </test-case>
                              <test-case name="PseudoBF.Tests.BuiltinFunctions.EqualsTests.VariableEqualsVariable(2,3,0)" executed="True" result="Error" success="False" time="0.000" asserts="0">
                                <failure>
                                  <message><![CDATA[SetUp : System.NotImplementedException : Metoda lub operacja nie jest zaimplementowana.]]></message>
                                  <stack-trace><![CDATA[w PseudoBF.CodeInfrastructure.StackFrame..ctor(StackContext stack, Subroutine subroutine) w D:\Projects\C#\PseudoBF\PseudoBF\PseudoBF.CodeInfrastructure\StackFrame.cs:wiersz 21
w PseudoBF.Tests.BuiltinFunctions.EqualsTests.Setup() w D:\Projects\C#\PseudoBF\PseudoBF\PseudoBF.Tests\PseudoBF.Tests\BuiltinFunctions\EqualsTests.cs:wiersz 19
]]></stack-trace>
                                </failure>
                              </test-case>
                              <test-case name="PseudoBF.Tests.BuiltinFunctions.EqualsTests.VariableEqualsVariable(4,0,0)" executed="True" result="Error" success="False" time="0.000" asserts="0">
                                <failure>
                                  <message><![CDATA[SetUp : System.NotImplementedException : Metoda lub operacja nie jest zaimplementowana.]]></message>
                                  <stack-trace><![CDATA[w PseudoBF.CodeInfrastructure.StackFrame..ctor(StackContext stack, Subroutine subroutine) w D:\Projects\C#\PseudoBF\PseudoBF\PseudoBF.CodeInfrastructure\StackFrame.cs:wiersz 21
w PseudoBF.Tests.BuiltinFunctions.EqualsTests.Setup() w D:\Projects\C#\PseudoBF\PseudoBF\PseudoBF.Tests\PseudoBF.Tests\BuiltinFunctions\EqualsTests.cs:wiersz 19
]]></stack-trace>
                                </failure>
                              </test-case>
                              <test-case name="PseudoBF.Tests.BuiltinFunctions.EqualsTests.VariableEqualsVariable(0,2,0)" executed="True" result="Error" success="False" time="0.000" asserts="0">
                                <failure>
                                  <message><![CDATA[SetUp : System.NotImplementedException : Metoda lub operacja nie jest zaimplementowana.]]></message>
                                  <stack-trace><![CDATA[w PseudoBF.CodeInfrastructure.StackFrame..ctor(StackContext stack, Subroutine subroutine) w D:\Projects\C#\PseudoBF\PseudoBF\PseudoBF.CodeInfrastructure\StackFrame.cs:wiersz 21
w PseudoBF.Tests.BuiltinFunctions.EqualsTests.Setup() w D:\Projects\C#\PseudoBF\PseudoBF\PseudoBF.Tests\PseudoBF.Tests\BuiltinFunctions\EqualsTests.cs:wiersz 19
]]></stack-trace>
                                </failure>
                              </test-case>
                            </results>
                          </test-suite>
                        </results>
                      </test-suite>
                    </results>
                  </test-suite>
                  <test-suite type="Namespace" name="Compilation" executed="True" result="Success" success="True" time="0.003" asserts="0">
                    <results>
                      <test-suite type="TestFixture" name="CompilerMachineTests" executed="True" result="Success" success="True" time="0.000" asserts="0">
                        <results>
                          <test-case name="PseudoBF.Tests.Compilation.CompilerMachineTests.Test" executed="True" result="Success" success="True" time="0.000" asserts="12" />
                        </results>
                      </test-suite>
                    </results>
                  </test-suite>
                  <test-suite type="Namespace" name="LowLevelOperations" executed="True" result="Success" success="True" time="0.013" asserts="0">
                    <results>
                      <test-suite type="TestFixture" name="CopyOperationTests" executed="True" result="Success" success="True" time="0.005" asserts="0">
                        <results>
                          <test-suite type="ParameterizedTest" name="TestCopy" executed="True" result="Success" success="True" time="0.004" asserts="0">
                            <results>
                              <test-case name="PseudoBF.Tests.LowLevelOperations.CopyOperationTests.TestCopy(5,2)" executed="True" result="Success" success="True" time="0.000" asserts="2" />
                              <test-case name="PseudoBF.Tests.LowLevelOperations.CopyOperationTests.TestCopy(2,0)" executed="True" result="Success" success="True" time="0.000" asserts="2" />
                              <test-case name="PseudoBF.Tests.LowLevelOperations.CopyOperationTests.TestCopy(0,3)" executed="True" result="Success" success="True" time="0.001" asserts="2" />
                            </results>
                          </test-suite>
                        </results>
                      </test-suite>
                      <test-suite type="TestFixture" name="IfElseTests" executed="True" result="Success" success="True" time="0.006" asserts="0">
                        <results>
                          <test-case name="PseudoBF.Tests.LowLevelOperations.IfElseTests.TestIfElseFalse" executed="True" result="Success" success="True" time="0.000" asserts="2" />
                          <test-case name="PseudoBF.Tests.LowLevelOperations.IfElseTests.TestIfElseTrue" executed="True" result="Success" success="True" time="0.000" asserts="2" />
                          <test-case name="PseudoBF.Tests.LowLevelOperations.IfElseTests.TestIfFalse" executed="True" result="Success" success="True" time="0.000" asserts="1" />
                          <test-case name="PseudoBF.Tests.LowLevelOperations.IfElseTests.TestIfTrue" executed="True" result="Success" success="True" time="0.000" asserts="1" />
                        </results>
                      </test-suite>
                    </results>
                  </test-suite>
                  <test-suite type="Namespace" name="Parsing" executed="True" result="Failure" success="False" time="0.091" asserts="0">
                    <results>
                      <test-suite type="TestFixture" name="ParserTests" executed="True" result="Failure" success="False" time="0.083" asserts="0">
                        <results>
                          <test-case name="PseudoBF.Tests.Parsing.ParserTests.TestArguments" executed="True" result="Error" success="False" time="0.001" asserts="0">
                            <failure>
                              <message><![CDATA[SetUp : System.TypeInitializationException : Inicjator typów zgłosił wyjątek dla typu 'PseudoBF.Builtins.BuiltinRegister'.
  ----> System.NotImplementedException : Metoda lub operacja nie jest zaimplementowana.]]></message>
                              <stack-trace><![CDATA[w PseudoBF.Builtins.BuiltinRegister.get_Subroutines()
w PseudoBF.Tests.Parsing.ParserTests.Setup() w D:\Projects\C#\PseudoBF\PseudoBF\PseudoBF.Tests\PseudoBF.Tests\Parsing\ParserTests.cs:wiersz 20
--NotImplementedException
w PseudoBF.Builtins.BuiltinRegister..cctor() w D:\Projects\C#\PseudoBF\PseudoBF\PseudoBF.Builtins\BuiltinRegister.cs:wiersz 23
]]></stack-trace>
                            </failure>
                          </test-case>
                          <test-case name="PseudoBF.Tests.Parsing.ParserTests.TestAssignment" executed="True" result="Error" success="False" time="0.001" asserts="0">
                            <failure>
                              <message><![CDATA[SetUp : System.TypeInitializationException : Inicjator typów zgłosił wyjątek dla typu 'PseudoBF.Builtins.BuiltinRegister'.
  ----> System.NotImplementedException : Metoda lub operacja nie jest zaimplementowana.]]></message>
                              <stack-trace><![CDATA[w PseudoBF.Builtins.BuiltinRegister.get_Subroutines()
w PseudoBF.Tests.Parsing.ParserTests.Setup() w D:\Projects\C#\PseudoBF\PseudoBF\PseudoBF.Tests\PseudoBF.Tests\Parsing\ParserTests.cs:wiersz 20
--NotImplementedException
w PseudoBF.Builtins.BuiltinRegister..cctor() w D:\Projects\C#\PseudoBF\PseudoBF\PseudoBF.Builtins\BuiltinRegister.cs:wiersz 23
]]></stack-trace>
                            </failure>
                          </test-case>
                          <test-case name="PseudoBF.Tests.Parsing.ParserTests.TestCustomSubroutine" executed="True" result="Error" success="False" time="0.001" asserts="0">
                            <failure>
                              <message><![CDATA[SetUp : System.TypeInitializationException : Inicjator typów zgłosił wyjątek dla typu 'PseudoBF.Builtins.BuiltinRegister'.
  ----> System.NotImplementedException : Metoda lub operacja nie jest zaimplementowana.]]></message>
                              <stack-trace><![CDATA[w PseudoBF.Builtins.BuiltinRegister.get_Subroutines()
w PseudoBF.Tests.Parsing.ParserTests.Setup() w D:\Projects\C#\PseudoBF\PseudoBF\PseudoBF.Tests\PseudoBF.Tests\Parsing\ParserTests.cs:wiersz 20
--NotImplementedException
w PseudoBF.Builtins.BuiltinRegister..cctor() w D:\Projects\C#\PseudoBF\PseudoBF\PseudoBF.Builtins\BuiltinRegister.cs:wiersz 23
]]></stack-trace>
                            </failure>
                          </test-case>
                          <test-case name="PseudoBF.Tests.Parsing.ParserTests.TestElse" executed="True" result="Error" success="False" time="0.001" asserts="0">
                            <failure>
                              <message><![CDATA[SetUp : System.TypeInitializationException : Inicjator typów zgłosił wyjątek dla typu 'PseudoBF.Builtins.BuiltinRegister'.
  ----> System.NotImplementedException : Metoda lub operacja nie jest zaimplementowana.]]></message>
                              <stack-trace><![CDATA[w PseudoBF.Builtins.BuiltinRegister.get_Subroutines()
w PseudoBF.Tests.Parsing.ParserTests.Setup() w D:\Projects\C#\PseudoBF\PseudoBF\PseudoBF.Tests\PseudoBF.Tests\Parsing\ParserTests.cs:wiersz 20
--NotImplementedException
w PseudoBF.Builtins.BuiltinRegister..cctor() w D:\Projects\C#\PseudoBF\PseudoBF\PseudoBF.Builtins\BuiltinRegister.cs:wiersz 23
]]></stack-trace>
                            </failure>
                          </test-case>
                          <test-case name="PseudoBF.Tests.Parsing.ParserTests.TestFunctionCall" executed="True" result="Error" success="False" time="0.001" asserts="0">
                            <failure>
                              <message><![CDATA[SetUp : System.TypeInitializationException : Inicjator typów zgłosił wyjątek dla typu 'PseudoBF.Builtins.BuiltinRegister'.
  ----> System.NotImplementedException : Metoda lub operacja nie jest zaimplementowana.]]></message>
                              <stack-trace><![CDATA[w PseudoBF.Builtins.BuiltinRegister.get_Subroutines()
w PseudoBF.Tests.Parsing.ParserTests.Setup() w D:\Projects\C#\PseudoBF\PseudoBF\PseudoBF.Tests\PseudoBF.Tests\Parsing\ParserTests.cs:wiersz 20
--NotImplementedException
w PseudoBF.Builtins.BuiltinRegister..cctor() w D:\Projects\C#\PseudoBF\PseudoBF\PseudoBF.Builtins\BuiltinRegister.cs:wiersz 23
]]></stack-trace>
                            </failure>
                          </test-case>
                          <test-case name="PseudoBF.Tests.Parsing.ParserTests.TestIf" executed="True" result="Error" success="False" time="0.001" asserts="0">
                            <failure>
                              <message><![CDATA[SetUp : System.TypeInitializationException : Inicjator typów zgłosił wyjątek dla typu 'PseudoBF.Builtins.BuiltinRegister'.
  ----> System.NotImplementedException : Metoda lub operacja nie jest zaimplementowana.]]></message>
                              <stack-trace><![CDATA[w PseudoBF.Builtins.BuiltinRegister.get_Subroutines()
w PseudoBF.Tests.Parsing.ParserTests.Setup() w D:\Projects\C#\PseudoBF\PseudoBF\PseudoBF.Tests\PseudoBF.Tests\Parsing\ParserTests.cs:wiersz 20
--NotImplementedException
w PseudoBF.Builtins.BuiltinRegister..cctor() w D:\Projects\C#\PseudoBF\PseudoBF\PseudoBF.Builtins\BuiltinRegister.cs:wiersz 23
]]></stack-trace>
                            </failure>
                          </test-case>
                          <test-case name="PseudoBF.Tests.Parsing.ParserTests.TestLocals" executed="True" result="Error" success="False" time="0.000" asserts="0">
                            <failure>
                              <message><![CDATA[SetUp : System.TypeInitializationException : Inicjator typów zgłosił wyjątek dla typu 'PseudoBF.Builtins.BuiltinRegister'.
  ----> System.NotImplementedException : Metoda lub operacja nie jest zaimplementowana.]]></message>
                              <stack-trace><![CDATA[w PseudoBF.Builtins.BuiltinRegister.get_Subroutines()
w PseudoBF.Tests.Parsing.ParserTests.Setup() w D:\Projects\C#\PseudoBF\PseudoBF\PseudoBF.Tests\PseudoBF.Tests\Parsing\ParserTests.cs:wiersz 20
--NotImplementedException
w PseudoBF.Builtins.BuiltinRegister..cctor() w D:\Projects\C#\PseudoBF\PseudoBF\PseudoBF.Builtins\BuiltinRegister.cs:wiersz 23
]]></stack-trace>
                            </failure>
                          </test-case>
                          <test-case name="PseudoBF.Tests.Parsing.ParserTests.TestReturn" executed="True" result="Error" success="False" time="0.001" asserts="0">
                            <failure>
                              <message><![CDATA[SetUp : System.TypeInitializationException : Inicjator typów zgłosił wyjątek dla typu 'PseudoBF.Builtins.BuiltinRegister'.
  ----> System.NotImplementedException : Metoda lub operacja nie jest zaimplementowana.]]></message>
                              <stack-trace><![CDATA[w PseudoBF.Builtins.BuiltinRegister.get_Subroutines()
w PseudoBF.Tests.Parsing.ParserTests.Setup() w D:\Projects\C#\PseudoBF\PseudoBF\PseudoBF.Tests\PseudoBF.Tests\Parsing\ParserTests.cs:wiersz 20
--NotImplementedException
w PseudoBF.Builtins.BuiltinRegister..cctor() w D:\Projects\C#\PseudoBF\PseudoBF\PseudoBF.Builtins\BuiltinRegister.cs:wiersz 23
]]></stack-trace>
                            </failure>
                          </test-case>
                          <test-case name="PseudoBF.Tests.Parsing.ParserTests.TestSimpleFunc" executed="True" result="Error" success="False" time="0.001" asserts="0">
                            <failure>
                              <message><![CDATA[SetUp : System.TypeInitializationException : Inicjator typów zgłosił wyjątek dla typu 'PseudoBF.Builtins.BuiltinRegister'.
  ----> System.NotImplementedException : Metoda lub operacja nie jest zaimplementowana.]]></message>
                              <stack-trace><![CDATA[w PseudoBF.Builtins.BuiltinRegister.get_Subroutines()
w PseudoBF.Tests.Parsing.ParserTests.Setup() w D:\Projects\C#\PseudoBF\PseudoBF\PseudoBF.Tests\PseudoBF.Tests\Parsing\ParserTests.cs:wiersz 20
--NotImplementedException
w PseudoBF.Builtins.BuiltinRegister..cctor() w D:\Projects\C#\PseudoBF\PseudoBF\PseudoBF.Builtins\BuiltinRegister.cs:wiersz 23
]]></stack-trace>
                            </failure>
                          </test-case>
                          <test-case name="PseudoBF.Tests.Parsing.ParserTests.TestWhile" executed="True" result="Error" success="False" time="0.000" asserts="0">
                            <failure>
                              <message><![CDATA[SetUp : System.TypeInitializationException : Inicjator typów zgłosił wyjątek dla typu 'PseudoBF.Builtins.BuiltinRegister'.
  ----> System.NotImplementedException : Metoda lub operacja nie jest zaimplementowana.]]></message>
                              <stack-trace><![CDATA[w PseudoBF.Builtins.BuiltinRegister.get_Subroutines()
w PseudoBF.Tests.Parsing.ParserTests.Setup() w D:\Projects\C#\PseudoBF\PseudoBF\PseudoBF.Tests\PseudoBF.Tests\Parsing\ParserTests.cs:wiersz 20
--NotImplementedException
w PseudoBF.Builtins.BuiltinRegister..cctor() w D:\Projects\C#\PseudoBF\PseudoBF\PseudoBF.Builtins\BuiltinRegister.cs:wiersz 23
]]></stack-trace>
                            </failure>
                          </test-case>
                        </results>
                      </test-suite>
                    </results>
                  </test-suite>
                </results>
              </test-suite>
            </results>
          </test-suite>
        </results>
      </test-suite>
    </results>
  </test-suite>
</test-results>